[INFO] Scanning for projects...
[INFO] 
[INFO] ------------------------< com.example:taskbot >-------------------------
[INFO] Building taskbot 0.0.1-SNAPSHOT
[INFO]   from pom.xml
[INFO] --------------------------------[ jar ]---------------------------------
[INFO] 
[INFO] >>> spring-boot:4.0.2:run (default-cli) > test-compile @ taskbot >>>
[INFO] 
[INFO] --- resources:3.3.1:resources (default-resources) @ taskbot ---
[INFO] Copying 2 resources from src\main\resources to target\classes
[INFO] Copying 2 resources from src\main\resources to target\classes
[INFO] 
[INFO] --- compiler:3.14.1:compile (default-compile) @ taskbot ---
[INFO] Nothing to compile - all classes are up to date.
[INFO] 
[INFO] --- resources:3.3.1:testResources (default-testResources) @ taskbot ---
[INFO] skip non existing resourceDirectory d:\Project\TaskBotApp\taskbotapp-backend\src\test\resources
[INFO] 
[INFO] --- compiler:3.14.1:testCompile (default-testCompile) @ taskbot ---
[INFO] Nothing to compile - all classes are up to date.
[INFO] 
[INFO] <<< spring-boot:4.0.2:run (default-cli) < test-compile @ taskbot <<<
[INFO] 
[INFO] 
[INFO] --- spring-boot:4.0.2:run (default-cli) @ taskbot ---
[INFO] Attaching agents: []

  .   ____          _            __ _ _
 /\\ / ___'_ __ _ _(_)_ __  __ _ \ \ \ \
( ( )\___ | '_ | '_| | '_ \/ _` | \ \ \ \
 \\/  ___)| |_)| | | | | || (_| |  ) ) ) )
  '  |____| .__|_| |_|_| |_\__, | / / / /
 =========|_|==============|___/=/_/_/_/

 :: Spring Boot ::                (v4.0.2)

2026-03-01T02:30:37.043+09:00  INFO 51296 --- [taskbot] [           main] c.e.taskbot.Service.TaskbotApplication   : Starting TaskbotApplication using Java 21.0.10 with PID 51296 (D:\Project\TaskBotApp\taskbotapp-backend\target\classes started by reire in d:\Project\TaskBotApp\taskbotapp-backend)
2026-03-01T02:30:37.045+09:00  INFO 51296 --- [taskbot] [           main] c.e.taskbot.Service.TaskbotApplication   : The following 1 profile is active: "local"
2026-03-01T02:30:37.318+09:00  INFO 51296 --- [taskbot] [           main] .s.d.r.c.RepositoryConfigurationDelegate : Bootstrapping Spring Data JPA repositories in DEFAULT mode.
2026-03-01T02:30:37.342+09:00  INFO 51296 --- [taskbot] [           main] .s.d.r.c.RepositoryConfigurationDelegate : Finished Spring Data repository scanning in 18 ms. Found 1 JPA repository interface.
2026-03-01T02:30:37.667+09:00  INFO 51296 --- [taskbot] [           main] o.s.boot.tomcat.TomcatWebServer          : Tomcat initialized with port 8080 (http)
2026-03-01T02:30:37.675+09:00  INFO 51296 --- [taskbot] [           main] o.apache.catalina.core.StandardService   : Starting service [Tomcat]
2026-03-01T02:30:37.676+09:00  INFO 51296 --- [taskbot] [           main] o.apache.catalina.core.StandardEngine    : Starting Servlet engine: [Apache Tomcat/11.0.15]
2026-03-01T02:30:37.708+09:00  INFO 51296 --- [taskbot] [           main] b.w.c.s.WebApplicationContextInitializer : Root WebApplicationContext: initialization completed in 631 ms
2026-03-01T02:30:37.780+09:00  INFO 51296 --- [taskbot] [           main] org.hibernate.orm.jpa                    : HHH008540: Processing PersistenceUnitInfo [name: default]
2026-03-01T02:30:37.804+09:00  INFO 51296 --- [taskbot] [           main] org.hibernate.orm.core                   : HHH000001: Hibernate ORM core version 7.2.1.Final
2026-03-01T02:30:38.018+09:00  INFO 51296 --- [taskbot] [           main] o.s.o.j.p.SpringPersistenceUnitInfo      : No LoadTimeWeaver setup: ignoring JPA class transformer
2026-03-01T02:30:38.034+09:00  INFO 51296 --- [taskbot] [           main] com.zaxxer.hikari.HikariDataSource       : HikariPool-1 - Starting...
2026-03-01T02:30:38.136+09:00  INFO 51296 --- [taskbot] [           main] com.zaxxer.hikari.pool.HikariPool        : HikariPool-1 - Added connection org.postgresql.jdbc.PgConnection@75b363c3
2026-03-01T02:30:38.137+09:00  INFO 51296 --- [taskbot] [           main] com.zaxxer.hikari.HikariDataSource       : HikariPool-1 - Start completed.
2026-03-01T02:30:38.179+09:00  INFO 51296 --- [taskbot] [           main] org.hibernate.orm.connections.pooling    : HHH10001005: Database info:
	Database JDBC URL [jdbc:postgresql://localhost:5432/taskkan_db]
	Database driver: PostgreSQL JDBC Driver
	Database dialect: PostgreSQLDialect
	Database version: 18.2
	Default catalog/schema: taskkan_db/public
	Autocommit mode: undefined/unknown
	Isolation level: READ_COMMITTED [default READ_COMMITTED]
	JDBC fetch size: none
	Pool: DataSourceConnectionProvider
	Minimum pool size: undefined/unknown
	Maximum pool size: undefined/unknown
2026-03-01T02:30:38.602+09:00  INFO 51296 --- [taskbot] [           main] org.hibernate.orm.core                   : HHH000489: No JTA platform available (set 'hibernate.transaction.jta.platform' to enable JTA platform integration)
2026-03-01T02:30:38.641+09:00  INFO 51296 --- [taskbot] [           main] j.LocalContainerEntityManagerFactoryBean : Initialized JPA EntityManagerFactory for persistence unit 'default'
2026-03-01T02:30:38.684+09:00  INFO 51296 --- [taskbot] [           main] o.s.d.j.r.query.QueryEnhancerFactories   : Hibernate is in classpath; If applicable, HQL parser will be used.
2026-03-01T02:30:38.827+09:00  INFO 51296 --- [taskbot] [           main] o.s.b.w.a.WelcomePageHandlerMapping      : Adding welcome page template: index
2026-03-01T02:30:38.978+09:00  INFO 51296 --- [taskbot] [           main] o.s.boot.tomcat.TomcatWebServer          : Tomcat started on port 8080 (http) with context path '/'
2026-03-01T02:30:38.981+09:00  INFO 51296 --- [taskbot] [           main] c.e.taskbot.Service.TaskbotApplication   : Started TaskbotApplication in 2.154 seconds (process running for 2.384)
2026-03-01T02:30:48.095+09:00  INFO 51296 --- [taskbot] [nio-8080-exec-1] o.a.c.c.C.[Tomcat].[localhost].[/]       : Initializing Spring DispatcherServlet 'dispatcherServlet'
2026-03-01T02:30:48.095+09:00  INFO 51296 --- [taskbot] [nio-8080-exec-1] o.s.web.servlet.DispatcherServlet        : Initializing Servlet 'dispatcherServlet'
2026-03-01T02:30:48.096+09:00  INFO 51296 --- [taskbot] [nio-8080-exec-1] o.s.web.servlet.DispatcherServlet        : Completed initialization in 1 ms
[INFO] ------------------------------------------------------------------------
[INFO] BUILD FAILURE
[INFO] ------------------------------------------------------------------------
[INFO] Total time:  16.636 s
[INFO] Finished at: 2026-03-01T02:30:52+09:00
[INFO] ------------------------------------------------------------------------
[ERROR] Failed to execute goal org.springframework.boot:spring-boot-maven-plugin:4.0.2:run (default-cli) on project taskbot: Process terminated with exit code: -1 -> [Help 1]
[ERROR] 
[ERROR] To see the full stack trace of the errors, re-run Maven with the -e switch.
[ERROR] Re-run Maven using the -X switch to enable full debug logging.
[ERROR] 
[ERROR] For more information about the errors and possible solutions, please read the following articles:
[ERROR] [Help 1] http://cwiki.apache.org/confluence/display/MAVEN/MojoExecutionException
